<?xml version="1.0" encoding="UTF-8"?>
<testsuite name="gameoflife.CellTest" tests="1" skipped="0" failures="0" errors="0" timestamp="2015-03-07T16:59:34" hostname="Andrews-MacBook-Pro-3.local" time="0.027">
  <properties/>
  <testcase name="diesWithOnlyOneNeighbour" classname="gameoflife.CellTest" time="0.027"/>
  <system-out><![CDATA[]]></system-out>
  <system-err><![CDATA[]]></system-err>
</testsuite>
