<?xml version="1.0" encoding="UTF-8"?>
<testsuite name="gameoflife.CellTest" tests="5" skipped="0" failures="0" errors="0" timestamp="2015-03-08T01:13:44" hostname="Andrews-MacBook-Pro-3.local" time="0.046">
  <properties/>
  <testcase name="diesWithFourNeighbours" classname="gameoflife.CellTest" time="0.044"/>
  <testcase name="livesOnWithThreeNeighbours" classname="gameoflife.CellTest" time="0.0"/>
  <testcase name="livesOnWithTwoNeighbours" classname="gameoflife.CellTest" time="0.0"/>
  <testcase name="diesWithOnlyOneNeighbour" classname="gameoflife.CellTest" time="0.0"/>
  <testcase name="diesWithZeroNeighbours" classname="gameoflife.CellTest" time="0.0"/>
  <system-out><![CDATA[]]></system-out>
  <system-err><![CDATA[]]></system-err>
</testsuite>
