<?xml version="1.0" encoding="UTF-8"?>
<testsuite name="gameoflife.UniverseTest" tests="1" skipped="0" failures="0" errors="0" timestamp="2015-03-08T18:38:04" hostname="Andrews-MacBook-Pro-3.local" time="0.006">
  <properties/>
  <testcase name="storesItsInitialState" classname="gameoflife.UniverseTest" time="0.006"/>
  <system-out><![CDATA[]]></system-out>
  <system-err><![CDATA[]]></system-err>
</testsuite>
