<?xml version="1.0" encoding="UTF-8"?>
<testsuite name="gameoflife.CellTest" tests="1" skipped="0" failures="0" errors="0" timestamp="2015-03-06T15:34:44" hostname="Andrews-MacBook-Pro-3.local" time="0.002">
  <properties/>
  <testcase name="diesWithOnlyOneNeighbour" classname="gameoflife.CellTest" time="0.002"/>
  <system-out><![CDATA[]]></system-out>
  <system-err><![CDATA[]]></system-err>
</testsuite>
